2018-09-04 09:29:49/r/n========================================================================================================================Message-ID: <d155aab23bd805f6dd4f7f552d567fb4@swift.generated>
Date: Tue, 04 Sep 2018 09:29:49 +0000
Subject: =?utf-8?Q?=E6=81=AD=E5=96=9C=E4=BD=A0=EF=BC=8C?=
 =?utf-8?Q?=E6=B3=A8=E5=86=8C=E6=88=90=E5=8A=9F?=
 =?utf-8?Q?=EF=BC=8C=E8=AF=B7=E5=89=8D=E5=8E=BB=E6=BF=80=E6=B4=BB?=
From: =?utf-8?Q?=E5=85=A8=E6=A0=88=E4=B8=80=E7=8F=AD?= <hanran_ya@126.com>
To: xueninyuan <xueninyuan@126.com>
MIME-Version: 1.0
Content-Type: text/html; charset=utf-8
Content-Transfer-Encoding: quoted-printable

=E7=82=B9=E5=87=BB=E4=B8=80=E4=B8=8B=E9=93=BE=E6=8E=A5=E8=BF=9B=E8=A1=8C=
=E6=BF=80=E6=B4=BB=EF=BC=9A<br>=E7=82=B9=E5=87=BB=E6=BF=80=E6=B4=BB
                <a href=3D'http://localhost:9999/text/active?code=3D750263d=
bb2fb8547bdd810ee11a08c7a'>=E8=AF=B7=E7=82=B9=E5=87=BBhttp://localhost:9999=
/text/active?code=3D750263dbb2fb8547bdd810ee11a08c7a</a><p>=E5=A6=82=
=E6=9E=9C=E4=B8=8D=E8=83=BD=E7=82=B9=E5=87=BB=E8=AF=B7=E5=A4=8D=E5=88=B6=
=E8=BF=9E=E6=8E=A5=E5=88=B0=E6=B5=8F=E8=A7=88=E5=99=A8</p>/r/n/r/n2018-09-04 09:31:05/r/n========================================================================================================================Message-ID: <d6c2bf8a0fcb4bcc27d73923920f7198@swift.generated>
Date: Tue, 04 Sep 2018 09:31:05 +0000
Subject: =?utf-8?Q?=E6=81=AD=E5=96=9C=E4=BD=A0=EF=BC=8C?=
 =?utf-8?Q?=E6=B3=A8=E5=86=8C=E6=88=90=E5=8A=9F?=
 =?utf-8?Q?=EF=BC=8C=E8=AF=B7=E5=89=8D=E5=8E=BB=E6=BF=80=E6=B4=BB?=
From: =?utf-8?Q?=E5=85=A8=E6=A0=88=E4=B8=80=E7=8F=AD?= <hanran_ya@126.com>
To: xueninyuan <xueninyuan@126.com>
MIME-Version: 1.0
Content-Type: text/html; charset=utf-8
Content-Transfer-Encoding: quoted-printable

=E7=82=B9=E5=87=BB=E4=B8=80=E4=B8=8B=E9=93=BE=E6=8E=A5=E8=BF=9B=E8=A1=8C=
=E6=BF=80=E6=B4=BB=EF=BC=9A<br>=E7=82=B9=E5=87=BB=E6=BF=80=E6=B4=BB
                <a href=3D'http://localhost:9999/text/active?code=3Daf47327=
11661056eadbf798ba191272a'>=E8=AF=B7=E7=82=B9=E5=87=BBhttp://localhost:9999=
/text/active?code=3Daf4732711661056eadbf798ba191272a</a><p>=E5=A6=82=
=E6=9E=9C=E4=B8=8D=E8=83=BD=E7=82=B9=E5=87=BB=E8=AF=B7=E5=A4=8D=E5=88=B6=
=E8=BF=9E=E6=8E=A5=E5=88=B0=E6=B5=8F=E8=A7=88=E5=99=A8</p>/r/n/r/n2018-09-04 09:35:03/r/n========================================================================================================================Message-ID: <562f9b97dfb67b4b31d00de40a289f9e@swift.generated>
Date: Tue, 04 Sep 2018 09:35:03 +0000
Subject: =?utf-8?Q?=E6=81=AD=E5=96=9C=E4=BD=A0=EF=BC=8C?=
 =?utf-8?Q?=E6=B3=A8=E5=86=8C=E6=88=90=E5=8A=9F?=
 =?utf-8?Q?=EF=BC=8C=E8=AF=B7=E5=89=8D=E5=8E=BB=E6=BF=80=E6=B4=BB?=
From: =?utf-8?Q?=E5=85=A8=E6=A0=88=E4=B8=80=E7=8F=AD?= <hanran_ya@126.com>
To: haoran_ya <haoran_ya@126.com>
MIME-Version: 1.0
Content-Type: text/html; charset=utf-8
Content-Transfer-Encoding: quoted-printable

=E7=82=B9=E5=87=BB=E4=B8=80=E4=B8=8B=E9=93=BE=E6=8E=A5=E8=BF=9B=E8=A1=8C=
=E6=BF=80=E6=B4=BB=EF=BC=9A<br>=E7=82=B9=E5=87=BB=E6=BF=80=E6=B4=BB
                <a href=3D'http://localhost:9999/text/active?code=3D4669d6d=
b6d5b6739b9194e999d907924'>=E8=AF=B7=E7=82=B9=E5=87=BBhttp://localhost:9999=
/text/active?code=3D4669d6db6d5b6739b9194e999d907924</a><p>=E5=A6=82=
=E6=9E=9C=E4=B8=8D=E8=83=BD=E7=82=B9=E5=87=BB=E8=AF=B7=E5=A4=8D=E5=88=B6=
=E8=BF=9E=E6=8E=A5=E5=88=B0=E6=B5=8F=E8=A7=88=E5=99=A8</p>/r/n/r/n2018-09-06 12:43:06/r/n========================================================================================================================Message-ID: <05dec691a1411a638ca3c0803516d925@localhost>
Date: Thu, 06 Sep 2018 12:43:06 +0000
Subject: abc
From: =?utf-8?Q?=E5=85=A8=E6=A0=88=E4=B8=80=E7=8F=AD?= <haoran_ya@126.com>
To: fortheday <fortheday@126.com>
MIME-Version: 1.0
Content-Type: text/html; charset=utf-8
Content-Transfer-Encoding: quoted-printable

bcd/r/n/r/n2018-09-10 13:31:01/r/n========================================================================================================================Message-ID: <e2271ec5283856d888b72a6bfc7903c0@swift.generated>
Date: Mon, 10 Sep 2018 13:31:01 +0000
Subject: =?utf-8?Q?=E6=81=AD=E5=96=9C=E4=BD=A0=EF=BC=8C?=
 =?utf-8?Q?=E6=B3=A8=E5=86=8C=E6=88=90=E5=8A=9F?=
 =?utf-8?Q?=EF=BC=8C=E8=AF=B7=E5=89=8D=E5=8E=BB=E6=BF=80=E6=B4=BB?=
From: =?utf-8?Q?=E5=85=A8=E6=A0=88=E4=B8=80=E7=8F=AD?= <haoran_ya@126.com>
To: xueninyuan <xueninyuan@126.com>
MIME-Version: 1.0
Content-Type: text/html; charset=utf-8
Content-Transfer-Encoding: quoted-printable

=E7=82=B9=E5=87=BB=E4=B8=80=E4=B8=8B=E9=93=BE=E6=8E=A5=E8=BF=9B=E8=A1=8C=
=E6=BF=80=E6=B4=BB=EF=BC=9A<br>=E7=82=B9=E5=87=BB=E6=BF=80=E6=B4=BB
                <a href=3D'http://localhost:9999/text/active?code=3Db59307f=
dacf7b2db12ec4bd5ca1caba8'>=E8=AF=B7=E7=82=B9=E5=87=BBhttp://localhost:9999=
/text/active?code=3Db59307fdacf7b2db12ec4bd5ca1caba8</a><p>=E5=A6=82=
=E6=9E=9C=E4=B8=8D=E8=83=BD=E7=82=B9=E5=87=BB=E8=AF=B7=E5=A4=8D=E5=88=B6=
=E8=BF=9E=E6=8E=A5=E5=88=B0=E6=B5=8F=E8=A7=88=E5=99=A8</p>/r/n/r/n2018-09-10 13:31:22/r/n========================================================================================================================Message-ID: <548e0315bba3fcbd2e7b64c687df260e@swift.generated>
Date: Mon, 10 Sep 2018 13:31:22 +0000
Subject: =?utf-8?Q?=E6=81=AD=E5=96=9C=E4=BD=A0=EF=BC=8C?=
 =?utf-8?Q?=E6=B3=A8=E5=86=8C=E6=88=90=E5=8A=9F?=
 =?utf-8?Q?=EF=BC=8C=E8=AF=B7=E5=89=8D=E5=8E=BB=E6=BF=80=E6=B4=BB?=
From: =?utf-8?Q?=E5=85=A8=E6=A0=88=E4=B8=80=E7=8F=AD?= <haoran_ya@126.com>
To: xueninyuan <xueninyuan@126.com>
MIME-Version: 1.0
Content-Type: text/html; charset=utf-8
Content-Transfer-Encoding: quoted-printable

=E7=82=B9=E5=87=BB=E4=B8=80=E4=B8=8B=E9=93=BE=E6=8E=A5=E8=BF=9B=E8=A1=8C=
=E6=BF=80=E6=B4=BB=EF=BC=9A<br>=E7=82=B9=E5=87=BB=E6=BF=80=E6=B4=BB
                <a href=3D'http://localhost:9999/text/active?code=3D1d7f7ab=
c18fcb43975065399b0d1e48e'>=E8=AF=B7=E7=82=B9=E5=87=BBhttp://localhost:9999=
/text/active?code=3D1d7f7abc18fcb43975065399b0d1e48e</a><p>=E5=A6=82=
=E6=9E=9C=E4=B8=8D=E8=83=BD=E7=82=B9=E5=87=BB=E8=AF=B7=E5=A4=8D=E5=88=B6=
=E8=BF=9E=E6=8E=A5=E5=88=B0=E6=B5=8F=E8=A7=88=E5=99=A8</p>/r/n/r/n